c:\users\isshi\onedrive - nkz.ac.jp\デスクトップ\書類選考資料\個人作品\プロジェクトフォルダ\ソリューションフォルダ\gm31\x64\release\vc141.pdb
c:\users\isshi\onedrive - nkz.ac.jp\デスクトップ\書類選考資料\個人作品\プロジェクトフォルダ\ソリューションフォルダ\gm31\x64\release\explosion.obj
c:\users\isshi\onedrive - nkz.ac.jp\デスクトップ\書類選考資料\個人作品\プロジェクトフォルダ\ソリューションフォルダ\gm31\x64\release\enemymanager.obj
c:\users\isshi\onedrive - nkz.ac.jp\デスクトップ\書類選考資料\個人作品\プロジェクトフォルダ\ソリューションフォルダ\gm31\x64\release\cylinder.obj
c:\users\isshi\onedrive - nkz.ac.jp\デスクトップ\書類選考資料\個人作品\プロジェクトフォルダ\ソリューションフォルダ\gm31\x64\release\cube.obj
c:\users\isshi\onedrive - nkz.ac.jp\デスクトップ\書類選考資料\個人作品\プロジェクトフォルダ\ソリューションフォルダ\gm31\x64\release\createtexture.obj
c:\users\isshi\onedrive - nkz.ac.jp\デスクトップ\書類選考資料\個人作品\プロジェクトフォルダ\ソリューションフォルダ\gm31\x64\release\clear.obj
c:\users\isshi\onedrive - nkz.ac.jp\デスクトップ\書類選考資料\個人作品\プロジェクトフォルダ\ソリューションフォルダ\gm31\x64\release\character.obj
c:\users\isshi\onedrive - nkz.ac.jp\デスクトップ\書類選考資料\個人作品\プロジェクトフォルダ\ソリューションフォルダ\gm31\x64\release\camera.obj
c:\users\isshi\onedrive - nkz.ac.jp\デスクトップ\書類選考資料\個人作品\プロジェクトフォルダ\ソリューションフォルダ\gm31\x64\release\bullet.obj
c:\users\isshi\onedrive - nkz.ac.jp\デスクトップ\書類選考資料\個人作品\プロジェクトフォルダ\ソリューションフォルダ\gm31\x64\release\box.obj
c:\users\isshi\onedrive - nkz.ac.jp\デスクトップ\書類選考資料\個人作品\プロジェクトフォルダ\ソリューションフォルダ\gm31\x64\release\bomb.obj
c:\users\isshi\onedrive - nkz.ac.jp\デスクトップ\書類選考資料\個人作品\プロジェクトフォルダ\ソリューションフォルダ\gm31\x64\release\blockbase.obj
c:\users\isshi\onedrive - nkz.ac.jp\デスクトップ\書類選考資料\個人作品\プロジェクトフォルダ\ソリューションフォルダ\gm31\x64\release\behaviortree.obj
c:\users\isshi\onedrive - nkz.ac.jp\デスクトップ\書類選考資料\個人作品\プロジェクトフォルダ\ソリューションフォルダ\gm31\x64\release\behaviordata.obj
c:\users\isshi\onedrive - nkz.ac.jp\デスクトップ\書類選考資料\個人作品\プロジェクトフォルダ\ソリューションフォルダ\gm31\x64\release\audio.obj
c:\users\isshi\onedrive - nkz.ac.jp\デスクトップ\書類選考資料\個人作品\プロジェクトフォルダ\ソリューションフォルダ\gm31\x64\release\attackjudgment.obj
c:\users\isshi\onedrive - nkz.ac.jp\デスクトップ\書類選考資料\個人作品\プロジェクトフォルダ\ソリューションフォルダ\gm31\x64\release\attackaction.obj
c:\users\isshi\onedrive - nkz.ac.jp\デスクトップ\書類選考資料\個人作品\プロジェクトフォルダ\ソリューションフォルダ\gm31\x64\release\astarnodemanager.obj
c:\users\isshi\onedrive - nkz.ac.jp\デスクトップ\書類選考資料\個人作品\プロジェクトフォルダ\ソリューションフォルダ\gm31\x64\release\score.obj
c:\users\isshi\onedrive - nkz.ac.jp\デスクトップ\書類選考資料\個人作品\プロジェクトフォルダ\ソリューションフォルダ\gm31\x64\release\gameover.obj
c:\users\isshi\onedrive - nkz.ac.jp\デスクトップ\書類選考資料\個人作品\プロジェクトフォルダ\ソリューションフォルダ\gm31\x64\release\renderer.obj
c:\users\isshi\onedrive - nkz.ac.jp\デスクトップ\書類選考資料\個人作品\プロジェクトフォルダ\ソリューションフォルダ\gm31\x64\release\randomaction.obj
c:\users\isshi\onedrive - nkz.ac.jp\デスクトップ\書類選考資料\個人作品\プロジェクトフォルダ\ソリューションフォルダ\gm31\x64\release\rand.obj
c:\users\isshi\onedrive - nkz.ac.jp\デスクトップ\書類選考資料\個人作品\プロジェクトフォルダ\ソリューションフォルダ\gm31\x64\release\pressenter.obj
c:\users\isshi\onedrive - nkz.ac.jp\デスクトップ\書類選考資料\個人作品\プロジェクトフォルダ\ソリューションフォルダ\gm31\x64\release\polygon2d.obj
c:\users\isshi\onedrive - nkz.ac.jp\デスクトップ\書類選考資料\個人作品\プロジェクトフォルダ\ソリューションフォルダ\gm31\x64\release\nodebase.obj
c:\users\isshi\onedrive - nkz.ac.jp\デスクトップ\書類選考資料\個人作品\プロジェクトフォルダ\ソリューションフォルダ\gm31\x64\release\movesprite.obj
c:\users\isshi\onedrive - nkz.ac.jp\デスクトップ\書類選考資料\個人作品\プロジェクトフォルダ\ソリューションフォルダ\gm31\x64\release\modelrenderer.obj
c:\users\isshi\onedrive - nkz.ac.jp\デスクトップ\書類選考資料\個人作品\プロジェクトフォルダ\ソリューションフォルダ\gm31\x64\release\manager.obj
c:\users\isshi\onedrive - nkz.ac.jp\デスクトップ\書類選考資料\個人作品\プロジェクトフォルダ\ソリューションフォルダ\gm31\x64\release\main.obj
c:\users\isshi\onedrive - nkz.ac.jp\デスクトップ\書類選考資料\個人作品\プロジェクトフォルダ\ソリューションフォルダ\gm31\x64\release\input.obj
c:\users\isshi\onedrive - nkz.ac.jp\デスクトップ\書類選考資料\個人作品\プロジェクトフォルダ\ソリューションフォルダ\gm31\x64\release\goal.obj
c:\users\isshi\onedrive - nkz.ac.jp\デスクトップ\書類選考資料\個人作品\プロジェクトフォルダ\ソリューションフォルダ\gm31\x64\release\fieldmanager.obj
c:\users\isshi\onedrive - nkz.ac.jp\デスクトップ\書類選考資料\個人作品\プロジェクトフォルダ\ソリューションフォルダ\gm31\x64\release\field.obj
c:\users\isshi\onedrive - nkz.ac.jp\デスクトップ\書類選考資料\個人作品\プロジェクトフォルダ\ソリューションフォルダ\gm31\x64\release\explosionmanager.obj
c:\users\isshi\onedrive - nkz.ac.jp\デスクトップ\書類選考資料\個人作品\プロジェクトフォルダ\ソリューションフォルダ\gm31\x64\release\transition.obj
c:\users\isshi\onedrive - nkz.ac.jp\デスクトップ\書類選考資料\個人作品\プロジェクトフォルダ\ソリューションフォルダ\gm31\x64\release\title.obj
c:\users\isshi\onedrive - nkz.ac.jp\デスクトップ\書類選考資料\個人作品\プロジェクトフォルダ\ソリューションフォルダ\gm31\x64\release\sprite.obj
c:\users\isshi\onedrive - nkz.ac.jp\デスクトップ\書類選考資料\個人作品\プロジェクトフォルダ\ソリューションフォルダ\gm31\x64\release\skyrenderer.obj
c:\users\isshi\onedrive - nkz.ac.jp\デスクトップ\書類選考資料\個人作品\プロジェクトフォルダ\ソリューションフォルダ\gm31\x64\release\sky.obj
c:\users\isshi\onedrive - nkz.ac.jp\デスクトップ\書類選考資料\個人作品\プロジェクトフォルダ\ソリューションフォルダ\gm31\x64\release\shadow.obj
c:\users\isshi\onedrive - nkz.ac.jp\デスクトップ\書類選考資料\個人作品\プロジェクトフォルダ\ソリューションフォルダ\gm31\x64\release\shader.obj
c:\users\isshi\onedrive - nkz.ac.jp\デスクトップ\書類選考資料\個人作品\プロジェクトフォルダ\ソリューションフォルダ\gm31\shader\unlittextureps.cso
c:\users\isshi\onedrive - nkz.ac.jp\デスクトップ\書類選考資料\個人作品\プロジェクトフォルダ\ソリューションフォルダ\gm31\shader\unlittexturevs.cso
c:\users\isshi\onedrive - nkz.ac.jp\デスクトップ\書類選考資料\個人作品\プロジェクトフォルダ\ソリューションフォルダ\gm31\shader\vertexlightingps.cso
c:\users\isshi\onedrive - nkz.ac.jp\デスクトップ\書類選考資料\個人作品\プロジェクトフォルダ\ソリューションフォルダ\gm31\shader\vertexlightingvs.cso
c:\users\isshi\onedrive - nkz.ac.jp\デスクトップ\書類選考資料\個人作品\プロジェクトフォルダ\ソリューションフォルダ\gm31\x64\release\gm31.tlog\cl.command.1.tlog
c:\users\isshi\onedrive - nkz.ac.jp\デスクトップ\書類選考資料\個人作品\プロジェクトフォルダ\ソリューションフォルダ\gm31\x64\release\gm31.tlog\cl.read.1.tlog
c:\users\isshi\onedrive - nkz.ac.jp\デスクトップ\書類選考資料\個人作品\プロジェクトフォルダ\ソリューションフォルダ\gm31\x64\release\gm31.tlog\cl.write.1.tlog
c:\users\isshi\onedrive - nkz.ac.jp\デスクトップ\書類選考資料\個人作品\プロジェクトフォルダ\ソリューションフォルダ\gm31\x64\release\gm31.tlog\fxc.command.1.tlog
c:\users\isshi\onedrive - nkz.ac.jp\デスクトップ\書類選考資料\個人作品\プロジェクトフォルダ\ソリューションフォルダ\gm31\x64\release\gm31.tlog\fxc.read.1.tlog
c:\users\isshi\onedrive - nkz.ac.jp\デスクトップ\書類選考資料\個人作品\プロジェクトフォルダ\ソリューションフォルダ\gm31\x64\release\gm31.tlog\fxc.write.1.tlog
