c:\users\isshi\onedrive - nkz.ac.jp\デスクトップ\hal\3\gm31\gm31_04_フレームワーク完成\gm31\x64\debug\vc141.pdb
c:\users\isshi\onedrive - nkz.ac.jp\デスクトップ\hal\3\gm31\gm31_04_フレームワーク完成\gm31\x64\debug\vc141.idb
c:\users\isshi\onedrive - nkz.ac.jp\デスクトップ\hal\3\gm31\gm31_04_フレームワーク完成\gm31\x64\debug\renderer.obj
c:\users\isshi\onedrive - nkz.ac.jp\デスクトップ\hal\3\gm31\gm31_04_フレームワーク完成\gm31\x64\debug\polygon2d.obj
c:\users\isshi\onedrive - nkz.ac.jp\デスクトップ\hal\3\gm31\gm31_04_フレームワーク完成\gm31\x64\debug\player.obj
c:\users\isshi\onedrive - nkz.ac.jp\デスクトップ\hal\3\gm31\gm31_04_フレームワーク完成\gm31\x64\debug\modelrenderer.obj
c:\users\isshi\onedrive - nkz.ac.jp\デスクトップ\hal\3\gm31\gm31_04_フレームワーク完成\gm31\x64\debug\manager.obj
c:\users\isshi\onedrive - nkz.ac.jp\デスクトップ\hal\3\gm31\gm31_04_フレームワーク完成\gm31\x64\debug\main.obj
c:\users\isshi\onedrive - nkz.ac.jp\デスクトップ\hal\3\gm31\gm31_04_フレームワーク完成\gm31\x64\debug\input.obj
c:\users\isshi\onedrive - nkz.ac.jp\デスクトップ\hal\3\gm31\gm31_04_フレームワーク完成\gm31\x64\debug\goal.obj
c:\users\isshi\onedrive - nkz.ac.jp\デスクトップ\hal\3\gm31\gm31_04_フレームワーク完成\gm31\x64\debug\game.obj
c:\users\isshi\onedrive - nkz.ac.jp\デスクトップ\hal\3\gm31\gm31_04_フレームワーク完成\gm31\x64\debug\field.obj
c:\users\isshi\onedrive - nkz.ac.jp\デスクトップ\hal\3\gm31\gm31_04_フレームワーク完成\gm31\x64\debug\explosion.obj
c:\users\isshi\onedrive - nkz.ac.jp\デスクトップ\hal\3\gm31\gm31_04_フレームワーク完成\gm31\x64\debug\enemy.obj
c:\users\isshi\onedrive - nkz.ac.jp\デスクトップ\hal\3\gm31\gm31_04_フレームワーク完成\gm31\x64\debug\cylinder.obj
c:\users\isshi\onedrive - nkz.ac.jp\デスクトップ\hal\3\gm31\gm31_04_フレームワーク完成\gm31\x64\debug\cube.obj
c:\users\isshi\onedrive - nkz.ac.jp\デスクトップ\hal\3\gm31\gm31_04_フレームワーク完成\gm31\x64\debug\createtexture.obj
c:\users\isshi\onedrive - nkz.ac.jp\デスクトップ\hal\3\gm31\gm31_04_フレームワーク完成\gm31\x64\debug\camera.obj
c:\users\isshi\onedrive - nkz.ac.jp\デスクトップ\hal\3\gm31\gm31_04_フレームワーク完成\gm31\x64\debug\bullet.obj
c:\users\isshi\onedrive - nkz.ac.jp\デスクトップ\hal\3\gm31\gm31_04_フレームワーク完成\gm31\x64\debug\box.obj
c:\users\isshi\onedrive - nkz.ac.jp\デスクトップ\hal\3\gm31\gm31_04_フレームワーク完成\gm31\x64\debug\audio.obj
c:\users\isshi\onedrive - nkz.ac.jp\デスクトップ\hal\3\gm31\gm31_04_フレームワーク完成\gm31\x64\debug\animationmodel.obj
c:\users\isshi\onedrive - nkz.ac.jp\デスクトップ\hal\3\gm31\gm31_04_フレームワーク完成\gm31\x64\debug\transition.obj
c:\users\isshi\onedrive - nkz.ac.jp\デスクトップ\hal\3\gm31\gm31_04_フレームワーク完成\gm31\x64\debug\title.obj
c:\users\isshi\onedrive - nkz.ac.jp\デスクトップ\hal\3\gm31\gm31_04_フレームワーク完成\gm31\x64\debug\tank.obj
c:\users\isshi\onedrive - nkz.ac.jp\デスクトップ\hal\3\gm31\gm31_04_フレームワーク完成\gm31\x64\debug\sprite.obj
c:\users\isshi\onedrive - nkz.ac.jp\デスクトップ\hal\3\gm31\gm31_04_フレームワーク完成\gm31\x64\debug\skyrenderer.obj
c:\users\isshi\onedrive - nkz.ac.jp\デスクトップ\hal\3\gm31\gm31_04_フレームワーク完成\gm31\x64\debug\sky.obj
c:\users\isshi\onedrive - nkz.ac.jp\デスクトップ\hal\3\gm31\gm31_04_フレームワーク完成\gm31\x64\debug\shadow.obj
c:\users\isshi\onedrive - nkz.ac.jp\デスクトップ\hal\3\gm31\gm31_04_フレームワーク完成\gm31\x64\debug\shader.obj
c:\users\isshi\onedrive - nkz.ac.jp\デスクトップ\hal\3\gm31\gm31_04_フレームワーク完成\gm31\x64\debug\score.obj
c:\users\isshi\onedrive - nkz.ac.jp\デスクトップ\hal\3\gm31\gm31_04_フレームワーク完成\gm31\x64\debug\result.obj
c:\users\isshi\onedrive - nkz.ac.jp\デスクトップ\hal\3\gm31\bombgame\gm31\x64\debug\vc141.pdb
c:\users\isshi\onedrive - nkz.ac.jp\デスクトップ\hal\3\gm31\bombgame\gm31\x64\debug\vc141.idb
c:\users\isshi\onedrive - nkz.ac.jp\デスクトップ\hal\3\gm31\bombgame\gm31\x64\debug\polygon2d.obj
c:\users\isshi\onedrive - nkz.ac.jp\デスクトップ\hal\3\gm31\bombgame\gm31\x64\debug\player.obj
c:\users\isshi\onedrive - nkz.ac.jp\デスクトップ\hal\3\gm31\bombgame\gm31\x64\debug\modelrenderer.obj
c:\users\isshi\onedrive - nkz.ac.jp\デスクトップ\hal\3\gm31\bombgame\gm31\x64\debug\meshfield.obj
c:\users\isshi\onedrive - nkz.ac.jp\デスクトップ\hal\3\gm31\bombgame\gm31\x64\debug\manager.obj
c:\users\isshi\onedrive - nkz.ac.jp\デスクトップ\hal\3\gm31\bombgame\gm31\x64\debug\main.obj
c:\users\isshi\onedrive - nkz.ac.jp\デスクトップ\hal\3\gm31\bombgame\gm31\x64\debug\input.obj
c:\users\isshi\onedrive - nkz.ac.jp\デスクトップ\hal\3\gm31\bombgame\gm31\x64\debug\goal.obj
c:\users\isshi\onedrive - nkz.ac.jp\デスクトップ\hal\3\gm31\bombgame\gm31\x64\debug\game.obj
c:\users\isshi\onedrive - nkz.ac.jp\デスクトップ\hal\3\gm31\bombgame\gm31\x64\debug\field.obj
c:\users\isshi\onedrive - nkz.ac.jp\デスクトップ\hal\3\gm31\bombgame\gm31\x64\debug\explosion.obj
c:\users\isshi\onedrive - nkz.ac.jp\デスクトップ\hal\3\gm31\bombgame\gm31\x64\debug\enemy.obj
c:\users\isshi\onedrive - nkz.ac.jp\デスクトップ\hal\3\gm31\bombgame\gm31\x64\debug\cylinder.obj
c:\users\isshi\onedrive - nkz.ac.jp\デスクトップ\hal\3\gm31\bombgame\gm31\x64\debug\cube.obj
c:\users\isshi\onedrive - nkz.ac.jp\デスクトップ\hal\3\gm31\bombgame\gm31\x64\debug\createtexture.obj
c:\users\isshi\onedrive - nkz.ac.jp\デスクトップ\hal\3\gm31\bombgame\gm31\x64\debug\camera.obj
c:\users\isshi\onedrive - nkz.ac.jp\デスクトップ\hal\3\gm31\bombgame\gm31\x64\debug\bullet.obj
c:\users\isshi\onedrive - nkz.ac.jp\デスクトップ\hal\3\gm31\bombgame\gm31\x64\debug\box.obj
c:\users\isshi\onedrive - nkz.ac.jp\デスクトップ\hal\3\gm31\bombgame\gm31\x64\debug\audio.obj
c:\users\isshi\onedrive - nkz.ac.jp\デスクトップ\hal\3\gm31\bombgame\gm31\x64\debug\animationmodel.obj
c:\users\isshi\onedrive - nkz.ac.jp\デスクトップ\hal\3\gm31\bombgame\gm31\x64\debug\transition.obj
c:\users\isshi\onedrive - nkz.ac.jp\デスクトップ\hal\3\gm31\bombgame\gm31\x64\debug\title.obj
c:\users\isshi\onedrive - nkz.ac.jp\デスクトップ\hal\3\gm31\bombgame\gm31\x64\debug\tank.obj
c:\users\isshi\onedrive - nkz.ac.jp\デスクトップ\hal\3\gm31\bombgame\gm31\x64\debug\sprite.obj
c:\users\isshi\onedrive - nkz.ac.jp\デスクトップ\hal\3\gm31\bombgame\gm31\x64\debug\skyrenderer.obj
c:\users\isshi\onedrive - nkz.ac.jp\デスクトップ\hal\3\gm31\bombgame\gm31\x64\debug\sky.obj
c:\users\isshi\onedrive - nkz.ac.jp\デスクトップ\hal\3\gm31\bombgame\gm31\x64\debug\shadow.obj
c:\users\isshi\onedrive - nkz.ac.jp\デスクトップ\hal\3\gm31\bombgame\gm31\x64\debug\shader.obj
c:\users\isshi\onedrive - nkz.ac.jp\デスクトップ\hal\3\gm31\bombgame\gm31\x64\debug\score.obj
c:\users\isshi\onedrive - nkz.ac.jp\デスクトップ\hal\3\gm31\bombgame\gm31\x64\debug\result.obj
c:\users\isshi\onedrive - nkz.ac.jp\デスクトップ\hal\3\gm31\bombgame\gm31\x64\debug\renderer.obj
c:\users\isshi\onedrive - nkz.ac.jp\デスクトップ\hal\3\gm31\bombgame\gm31\x64\debug\fieldmanager.obj
c:\users\isshi\onedrive - nkz.ac.jp\デスクトップ\hal\3\gm31\bombgame\gm31\x64\debug\enemymanager.obj
c:\users\isshi\onedrive - nkz.ac.jp\デスクトップ\hal\3\gm31\bombgame\gm31\x64\debug\deffencejudgment.obj
c:\users\isshi\onedrive - nkz.ac.jp\デスクトップ\hal\3\gm31\bombgame\gm31\x64\debug\deffenceaction.obj
c:\users\isshi\onedrive - nkz.ac.jp\デスクトップ\hal\3\gm31\bombgame\gm31\x64\debug\character.obj
c:\users\isshi\onedrive - nkz.ac.jp\デスクトップ\hal\3\gm31\bombgame\gm31\x64\debug\blockbase.obj
c:\users\isshi\onedrive - nkz.ac.jp\デスクトップ\hal\3\gm31\bombgame\gm31\x64\debug\behaviortree.obj
c:\users\isshi\onedrive - nkz.ac.jp\デスクトップ\hal\3\gm31\bombgame\gm31\x64\debug\behaviordata.obj
c:\users\isshi\onedrive - nkz.ac.jp\デスクトップ\hal\3\gm31\bombgame\gm31\x64\debug\attackjudgment.obj
c:\users\isshi\onedrive - nkz.ac.jp\デスクトップ\hal\3\gm31\bombgame\gm31\x64\debug\nodebase.obj
c:\users\isshi\onedrive - nkz.ac.jp\デスクトップ\hal\3\gm31\bombgame\gm31\x64\debug\astarnode.obj
c:\users\isshi\onedrive - nkz.ac.jp\デスクトップ\hal\3\gm31\bombgame\gm31\shader\unlittextureps.cso
c:\users\isshi\onedrive - nkz.ac.jp\デスクトップ\hal\3\gm31\bombgame\gm31\shader\unlittexturevs.cso
c:\users\isshi\onedrive - nkz.ac.jp\デスクトップ\hal\3\gm31\bombgame\gm31\shader\vertexlightingps.cso
c:\users\isshi\onedrive - nkz.ac.jp\デスクトップ\hal\3\gm31\bombgame\gm31\shader\vertexlightingvs.cso
c:\users\isshi\onedrive - nkz.ac.jp\デスクトップ\hal\3\gm31\bombgame\gm31\gm31d.lib
c:\users\isshi\onedrive - nkz.ac.jp\デスクトップ\hal\3\gm31\bombgame\gm31\gm31d.exp
c:\users\isshi\onedrive - nkz.ac.jp\デスクトップ\hal\3\gm31\gm31_04_フレームワーク完成\gm31\gm31d.exe
c:\users\isshi\onedrive - nkz.ac.jp\デスクトップ\hal\3\gm31\gm31_04_フレームワーク完成\gm31\gm31d.ilk
c:\users\isshi\onedrive - nkz.ac.jp\デスクトップ\hal\3\gm31\gm31_04_フレームワーク完成\gm31\gm31d.pdb
c:\users\isshi\onedrive - nkz.ac.jp\デスクトップ\hal\3\gm31\bombgame\gm31\gm31d.exe
c:\users\isshi\onedrive - nkz.ac.jp\デスクトップ\hal\3\gm31\bombgame\gm31\gm31d.ilk
c:\users\isshi\onedrive - nkz.ac.jp\デスクトップ\hal\3\gm31\bombgame\gm31\gm31d.pdb
c:\users\isshi\onedrive - nkz.ac.jp\デスクトップ\hal\3\gm31\bombgame\gm31\x64\debug\gm31.tlog\cl.command.1.tlog
c:\users\isshi\onedrive - nkz.ac.jp\デスクトップ\hal\3\gm31\bombgame\gm31\x64\debug\gm31.tlog\cl.read.1.tlog
c:\users\isshi\onedrive - nkz.ac.jp\デスクトップ\hal\3\gm31\bombgame\gm31\x64\debug\gm31.tlog\cl.write.1.tlog
c:\users\isshi\onedrive - nkz.ac.jp\デスクトップ\hal\3\gm31\bombgame\gm31\x64\debug\gm31.tlog\fxc.command.1.tlog
c:\users\isshi\onedrive - nkz.ac.jp\デスクトップ\hal\3\gm31\bombgame\gm31\x64\debug\gm31.tlog\fxc.read.1.tlog
c:\users\isshi\onedrive - nkz.ac.jp\デスクトップ\hal\3\gm31\bombgame\gm31\x64\debug\gm31.tlog\fxc.write.1.tlog
c:\users\isshi\onedrive - nkz.ac.jp\デスクトップ\hal\3\gm31\bombgame\gm31\x64\debug\gm31.tlog\gm31.write.1u.tlog
c:\users\isshi\onedrive - nkz.ac.jp\デスクトップ\hal\3\gm31\bombgame\gm31\x64\debug\gm31.tlog\link.command.1.tlog
c:\users\isshi\onedrive - nkz.ac.jp\デスクトップ\hal\3\gm31\bombgame\gm31\x64\debug\gm31.tlog\link.read.1.tlog
c:\users\isshi\onedrive - nkz.ac.jp\デスクトップ\hal\3\gm31\bombgame\gm31\x64\debug\gm31.tlog\link.write.1.tlog
