  astarnodemanager.cpp
  attackaction.cpp
  attackjudgment.cpp
  audio.cpp
  behaviordata.cpp
  behaviortree.cpp
  blockbase.cpp
  bomb.cpp
  box.cpp
  bullet.cpp
  camera.cpp
  character.cpp
  clear.cpp
  cylinder.cpp
  deffenceaction.cpp
  deffencejudgment.cpp
  enemy.cpp
c:\users\isshi\onedrive - nkz.ac.jp\デスクトップ\hal\3\gm31\bombgame\gm31\enemy.cpp(355): warning C4267: '初期化中': 'size_t' から 'int' に変換しました。データが失われているかもしれません。
  enemymanager.cpp
  explosion.cpp
  explosionmanager.cpp
  コードを生成中...
  コンパイル中...
  field.cpp
  fieldmanager.cpp
  game.cpp
  goal.cpp
  main.cpp
  manager.cpp
  meshField.cpp
c:\users\isshi\onedrive - nkz.ac.jp\デスクトップ\hal\3\gm31\bombgame\gm31\meshfield.cpp(203): warning C4244: '=': 'float' から 'int' への変換です。データが失われる可能性があります。
c:\users\isshi\onedrive - nkz.ac.jp\デスクトップ\hal\3\gm31\bombgame\gm31\meshfield.cpp(204): warning C4244: '=': 'float' から 'int' への変換です。データが失われる可能性があります。
  movesprite.cpp
  nodebase.cpp
  player.cpp
  polygon2D.cpp
  pressenter.cpp
  randomaction.cpp
  gameover.cpp
  score.cpp
  shader.cpp
  shadow.cpp
  sky.cpp
  sprite.cpp
  title.cpp
  コードを生成中...
  コンパイル中...
  transition.cpp
  コードを生成中...
     ライブラリ C:\Users\isshi\OneDrive - nkz.ac.jp\デスクトップ\HAL\3\GM31\BombGame\GM31\GM31D.lib とオブジェクト C:\Users\isshi\OneDrive - nkz.ac.jp\デスクトップ\HAL\3\GM31\BombGame\GM31\GM31D.exp を作成中
  GM31.vcxproj -> C:\Users\isshi\OneDrive - nkz.ac.jp\デスクトップ\HAL\3\GM31\BombGame\GM31\GM31D.exe
